2022-04-16 19:28:28 INFO  Employees:60 - Test log - My first log!
  2022-04-16 19:28:52 INFO  Employees:60 - Test log - My first log!
  2022-04-16 19:29:58 INFO  Employees:60 - Test log - My third log!
  2022-04-17 16:40:56 INFO  Employees:47 - Adding record to employees table was unsuccessful.
  2022-04-17 16:41:49 INFO  Employees:48 - Adding record to employees table was unsuccessful.
  2022-04-17 16:49:58 INFO  Employees:49 - Record added to employees table succesfully.
  2022-04-17 19:36:54 INFO  Employees:57 - Adding record to employees table was unsuccessful.
  2022-04-17 20:13:27 INFO  Employees:67 - Adding record to employees table was unsuccessful.
  2022-04-17 20:14:07 INFO  Employees:68 - Adding record to employees table was unsuccessful.
  2022-04-17 20:17:52 INFO  Employees:68 - Adding record to employees table was unsuccessful.
  2022-04-17 21:42:26 INFO  Employees:64 - Record added to employees table succesfully.
  2022-04-17 21:50:03 INFO  Employees:259 - Records selected to table in employees successfully.
  2022-04-17 21:50:17 INFO  Employees:259 - Records selected to table in employees successfully.
  2022-04-17 21:50:24 INFO  Employees:64 - Record added to employees table succesfully.
  2022-04-17 21:50:24 INFO  Employees:259 - Records selected to table in employees successfully.
  2022-04-17 21:50:28 INFO  Employees:259 - Records selected to table in employees successfully.
  2022-04-17 21:50:29 INFO  Employees:97 - Record deleted in employees table successfully.
  2022-04-17 21:50:31 INFO  Employees:259 - Records selected to table in employees successfully.
  2022-04-17 21:50:34 INFO  Employees:259 - Records selected to table in employees successfully.
  2022-04-17 21:51:19 INFO  Employees:259 - Records selected to table in employees successfully.
  2022-04-19 17:28:30 INFO  Employees:259 - Records selected to table in employees successfully.
  2022-04-19 17:29:23 INFO  Employees:259 - Records selected to table in employees successfully.
  2022-04-19 17:29:26 INFO  Employees:97 - Record deleted in employees table successfully.
  2022-04-19 17:29:28 INFO  Employees:259 - Records selected to table in employees successfully.
  2022-04-19 17:29:31 INFO  Employees:259 - Records selected to table in employees successfully.
  2022-04-19 17:29:33 INFO  Employees:259 - Records selected to table in employees successfully.
  2022-04-19 17:29:37 INFO  Employees:97 - Record deleted in employees table successfully.
  2022-04-19 17:30:19 INFO  Employees:264 - Records selected to table in employees successfully.
  2022-04-19 17:30:20 INFO  Employees:102 - Record deleted in employees table successfully.
  2022-04-19 17:31:52 INFO  Employees:266 - Records selected to table in employees successfully.
  2022-04-19 17:34:47 INFO  Employees:202 - A select query was successful.
  2022-04-19 17:35:25 INFO  Employees:279 - Records selected to table in employees successfully.
  2022-04-19 17:35:27 INFO  Employees:279 - Records selected to table in employees successfully.
  2022-04-19 18:18:43 INFO  Employees:280 - Records selected to table in employees successfully.
  2022-04-19 18:19:10 INFO  Employees:280 - Records selected to table in employees successfully.
  2022-04-19 18:19:39 INFO  Employees:280 - Records selected to table in employees successfully.
  2022-04-19 18:26:39 INFO  Employees:281 - Records selected to table in employees successfully.
  2022-04-19 18:36:42 INFO  Employees:282 - Records selected to table in employees successfully.
  2022-04-19 18:37:17 INFO  Employees:282 - Records selected to table in employees successfully.
  2022-04-19 18:37:31 INFO  Employees:282 - Records selected to table in employees successfully.
  2022-04-19 18:38:07 INFO  Employees:282 - Records selected to table in employees successfully.
  2022-04-19 18:41:43 INFO  Employees:282 - Records selected to table in employees successfully.
  2022-04-19 18:41:46 INFO  Employees:316 - Selecting records to table in employees was unsuccessful.
  2022-04-19 18:41:52 INFO  Employees:316 - Selecting records to table in employees was unsuccessful.
  2022-04-19 18:42:40 INFO  Employees:282 - Records selected to table in employees successfully.
  2022-04-19 18:43:32 INFO  Employees:282 - Records selected to table in employees successfully.
  2022-04-19 18:43:59 INFO  Employees:282 - Records selected to table in employees successfully.
  2022-04-19 18:44:51 INFO  Employees:282 - Records selected to table in employees successfully.
  2022-04-19 18:48:01 INFO  Employees:282 - Records selected to table in employees successfully.
  2022-04-19 18:49:13 INFO  Employees:282 - Records selected to table in employees successfully.
  2022-04-19 19:19:53 INFO  Employees:294 - Records selected to table in employees successfully.
  2022-04-19 19:20:16 INFO  Employees:69 - Record added to employees table succesfully.
  2022-04-19 19:20:16 INFO  Employees:294 - Records selected to table in employees successfully.
  2022-04-19 19:21:08 INFO  Employees:294 - Records selected to table in employees successfully.
  2022-04-19 19:21:16 INFO  Employees:69 - Record added to employees table succesfully.
  2022-04-19 19:21:16 INFO  Employees:294 - Records selected to table in employees successfully.
  2022-04-19 19:21:38 INFO  Employees:113 - Deleting records in employess was unsuccessful.
  2022-04-19 19:23:28 INFO  Employees:295 - Records selected to table in employees successfully.
  2022-04-19 19:23:31 INFO  Employees:113 - Deleting records in employess was unsuccessful.
  2022-04-19 19:25:18 INFO  Employees:295 - Records selected to table in employees successfully.
  2022-04-19 19:25:20 INFO  Employees:295 - Records selected to table in employees successfully.
  2022-04-19 19:25:21 INFO  Employees:109 - Record deleted in employees table successfully.
  2022-04-19 19:25:24 INFO  Employees:295 - Records selected to table in employees successfully.
  2022-04-19 19:25:51 INFO  Employees:296 - Records selected to table in employees successfully.
  2022-04-19 19:26:00 INFO  Employees:296 - Records selected to table in employees successfully.
  2022-04-19 19:26:40 INFO  Employees:296 - Records selected to table in employees successfully.
  2022-04-19 19:26:45 INFO  Employees:296 - Records selected to table in employees successfully.
  2022-04-19 19:26:51 INFO  Employees:296 - Records selected to table in employees successfully.
  2022-04-19 19:26:53 INFO  Employees:296 - Records selected to table in employees successfully.
  2022-04-19 19:27:05 INFO  Employees:296 - Records selected to table in employees successfully.
  2022-04-19 19:27:06 INFO  Employees:153 - Record updated in employees table successfully.
  2022-04-19 19:34:35 INFO  Employees:295 - Records selected to table in employees successfully.
  2022-04-19 19:35:33 INFO  Employees:295 - Records selected to table in employees successfully.
  2022-04-19 19:37:18 INFO  Employees:294 - Records selected to table in employees successfully.
  2022-04-19 19:40:04 INFO  Employees:294 - Records selected to table in employees successfully.
  2022-04-19 19:40:13 INFO  Employees:294 - Records selected to table in employees successfully.
  2022-04-19 19:40:16 INFO  Employees:153 - Record updated in employees table successfully.
  2022-04-19 19:40:42 INFO  Employees:69 - Record added to employees table succesfully.
  2022-04-19 19:40:42 INFO  Employees:294 - Records selected to table in employees successfully.
  2022-04-19 19:40:57 INFO  Employees:294 - Records selected to table in employees successfully.
  2022-04-19 19:40:58 INFO  Employees:153 - Record updated in employees table successfully.
  2022-04-19 19:41:13 INFO  Employees:294 - Records selected to table in employees successfully.
  2022-04-19 19:41:13 INFO  Employees:153 - Record updated in employees table successfully.
  2022-04-19 19:41:18 INFO  Employees:294 - Records selected to table in employees successfully.
  2022-04-19 19:41:19 INFO  Employees:108 - Record deleted in employees table successfully.
  2022-04-19 19:41:31 INFO  Employees:294 - Records selected to table in employees successfully.
  2022-04-19 19:47:10 INFO  Employees:294 - Records selected to table in employees successfully.
  2022-04-19 19:47:45 INFO  Employees:69 - Record added to employees table succesfully.
  2022-04-19 19:47:45 INFO  Employees:294 - Records selected to table in employees successfully.
  2022-04-19 19:50:34 INFO  Employees:294 - Records selected to table in employees successfully.
  2022-04-19 19:50:57 INFO  Employees:80 - Adding record to employees table was unsuccessful.
  2022-04-19 19:51:08 INFO  Employees:80 - Adding record to employees table was unsuccessful.
  2022-04-19 19:51:16 INFO  Employees:80 - Adding record to employees table was unsuccessful.
  2022-04-19 19:54:51 INFO  Employees:301 - Records selected to table in employees successfully.
  2022-04-19 19:55:23 INFO  Employees:77 - Adding record to employees table was unsuccessful.
  2022-04-19 19:55:33 INFO  Employees:77 - Adding record to employees table was unsuccessful.
  2022-04-19 19:55:39 INFO  Employees:154 - Updating records in employess was unsuccessful.
  2022-04-19 19:55:41 INFO  Employees:77 - Adding record to employees table was unsuccessful.
  2022-04-19 19:55:50 INFO  Employees:66 - Record added to employees table succesfully.
  2022-04-19 19:55:50 INFO  Employees:301 - Records selected to table in employees successfully.
  2022-04-19 19:56:09 INFO  Employees:301 - Records selected to table in employees successfully.
  2022-04-19 19:56:10 INFO  Employees:150 - Record updated in employees table successfully.
  2022-04-19 19:56:42 INFO  Employees:301 - Records selected to table in employees successfully.
  2022-04-19 19:56:49 INFO  Employees:301 - Records selected to table in employees successfully.
  2022-04-19 19:57:23 INFO  Employees:66 - Record added to employees table succesfully.
  2022-04-19 19:57:23 INFO  Employees:301 - Records selected to table in employees successfully.
  2022-04-19 19:57:45 INFO  Employees:301 - Records selected to table in employees successfully.
  2022-04-19 19:57:47 INFO  Employees:150 - Record updated in employees table successfully.
  2022-04-19 19:57:50 INFO  Employees:301 - Records selected to table in employees successfully.
  2022-04-19 19:58:57 INFO  Employees:301 - Records selected to table in employees successfully.
  2022-04-19 19:58:58 INFO  Employees:150 - Record updated in employees table successfully.
  2022-04-19 19:59:00 INFO  Employees:301 - Records selected to table in employees successfully.
  2022-04-19 19:59:10 INFO  Employees:301 - Records selected to table in employees successfully.
  2022-04-19 19:59:12 INFO  Employees:150 - Record updated in employees table successfully.
  2022-05-04 16:54:00 WARN  Employees:72 - Insert failed due to error: Couldn't connect to the database...
  2022-05-04 16:59:25 WARN  Employees:72 - Insert failed due to error: Couldn't connect to the database...
  2022-05-04 17:02:43 WARN  Employees:72 - Insert failed due to error: Cannot invoke "Proxy.FactoryProxy.Add(String, String, String)" because "this.this$0.factoryProxy" is null
  2022-05-04 17:04:03 WARN  Employees:72 - Insert failed due to error: Cannot invoke "Proxy.RealFactory.Add(String, String, String)" because "this.realFactory" is null
  2022-05-04 17:04:43 INFO  DBConnect:51 - Select was successful.
  2022-05-04 17:08:00 WARN  Employees:72 - Insert failed due to error: Cannot invoke "Proxy.RealFactory.Add(String, String, String)" because "this.realFactory" is null
  2022-05-04 17:09:16 WARN  Employees:72 - Insert failed due to error: Cannot invoke "Proxy.RealFactory.Add(String, String, String)" because "this.realFactory" is null
  2022-05-04 17:09:54 WARN  DBConnect:105 - Insert was unsuccessful.
  2022-05-04 17:10:32 WARN  DBConnect:105 - Insert was unsuccessful.
  2022-05-04 17:11:05 WARN  DBConnect:105 - Insert was unsuccessful.
  2022-05-04 17:12:34 WARN  DBConnect:105 - Insert was unsuccessful.
  2022-05-04 17:14:22 WARN  DBConnect:105 - Insert was unsuccessful.
  2022-05-04 17:14:33 WARN  DBConnect:105 - Insert was unsuccessful.
  2022-05-04 17:16:57 WARN  DBConnect:105 - Insert was unsuccessful.
  2022-05-04 17:17:42 WARN  DBConnect:105 - Insert was unsuccessful.
  2022-05-04 17:20:11 INFO  Employees:68 - inser into factories (company_name, institution, address) values (somename, 1886.11.23, somaddr)
  2022-05-04 17:20:11 WARN  DBConnect:105 - Insert was unsuccessful.
  2022-05-04 17:20:49 INFO  Employees:68 - insert into factories (company_name, institution, address) values (somename, 1886.11.23, somaddr)
  2022-05-04 17:20:49 WARN  DBConnect:105 - Insert was unsuccessful.
  2022-05-04 17:27:10 INFO  Employees:68 - INSERT INTO `factories`(`company_name`, `institution`, `address`) VALUES ('somename','1886.11.23','somaddr');
  2022-05-04 17:27:12 INFO  DBConnect:99 - A record was inserted successfully.
  2022-05-04 17:27:54 INFO  DBConnect:77 - Record deleted successfully.
  2022-05-04 17:39:59 INFO  Employees:68 - INSERT INTO `factories`(`company_name`, `institution`, `address`) VALUES ('Bosch','1886.11.23','Gerlingen, Germany');
  2022-05-04 17:40:02 INFO  DBConnect:99 - A record was inserted successfully.
  2022-05-04 17:41:55 INFO  Employees:68 - INSERT INTO `factories`(`company_name`, `institution`, `address`) VALUES ('Bosch','1886.11.23','Gerlingen, Germany');
  2022-05-04 17:41:58 INFO  DBConnect:99 - A record was inserted successfully.
  2022-05-04 17:42:28 INFO  DBConnect:51 - Select was successful.
  2022-05-04 17:44:04 WARN  Employees:114 - Update failed due to error: Index 1 out of bounds for length 1
  2022-05-04 17:53:12 WARN  Employees:114 - Update failed due to error: Index 1 out of bounds for length 1
  2022-05-04 17:53:28 WARN  Employees:114 - Update failed due to error: Index 2 out of bounds for length 1
  2022-05-04 17:54:02 WARN  Employees:114 - Update failed due to error: Index 2 out of bounds for length 1
  2022-05-04 17:56:00 WARN  Employees:114 - Update failed due to error: Index 4 out of bounds for length 1
  2022-05-05 17:14:37 INFO  Employees:68 - INSERT INTO `factories`(`company_name`, `institution`, `address`) VALUES ('Google','1955.11.31','Manhattan, USA');
  2022-05-05 17:14:37 WARN  DBConnect:106 - Insert was unsuccessful.
  2022-05-05 17:14:54 INFO  Employees:68 - INSERT INTO `factories`(`company_name`, `institution`, `address`) VALUES ('Google','1955,11,31','Manhattan, USA');
  2022-05-05 17:14:54 WARN  DBConnect:106 - Insert was unsuccessful.
  2022-05-05 17:17:53 INFO  Employees:69 - INSERT INTO `factories`(`company_name`, `institution`, `address`) VALUES ('google ','STR_TO_DATE('USA', '%Y,%m,%d')','1886,11,23');
  2022-05-05 17:17:53 WARN  DBConnect:106 - Insert was unsuccessful.
  2022-05-05 17:19:14 INFO  Employees:69 - INSERT INTO `factories`(`company_name`, `institution`, `address`) VALUES ('google', STR_TO_DATE('1889,11,23', '%Y,%m,%d'),'usa');
  2022-05-05 17:19:17 INFO  DBConnect:100 - A record was inserted successfully.
  2022-05-05 17:19:45 INFO  Employees:69 - INSERT INTO `factories`(`company_name`, `institution`, `address`) VALUES ('test', STR_TO_DATE('1889.11.23', '%Y,%m,%d'),'usa');
  2022-05-05 17:19:45 WARN  DBConnect:106 - Insert was unsuccessful.
  2022-05-05 17:25:09 INFO  Employees:68 - INSERT INTO `factories`(`company_name`, `institution`, `address`) VALUES ('oracle', STR_TO_DATE('1667.45.45', '%Y,%m,%d'),'nemtudom');
  2022-05-05 17:25:09 WARN  DBConnect:106 - Insert was unsuccessful.
  2022-05-05 17:25:09 INFO  Employees:68 - INSERT INTO `factories`(`company_name`, `institution`, `address`) VALUES ('oracle', STR_TO_DATE('1667.45.45', '%Y,%m,%d'),'nemtudom');
  2022-05-05 17:25:09 WARN  DBConnect:106 - Insert was unsuccessful.
  2022-05-05 17:28:39 INFO  Employees:68 - INSERT INTO `factories`(`company_name`, `institution`, `address`) VALUES ('test', STR_TO_DATE('1884,11,23', '%Y,%m,%d'),'test');
  2022-05-05 17:28:41 INFO  DBConnect:100 - A record was inserted successfully.
  2022-05-05 17:52:48 INFO  Employees:38 - Fill out every input!
  2022-05-05 17:52:48 INFO  Employees:111 - []
  2022-05-05 17:52:48 WARN  Employees:120 - Update failed due to error: Index 0 out of bounds for length 0
  2022-05-05 17:53:07 INFO  Employees:38 - Fill out every input!
  2022-05-05 17:53:07 INFO  Employees:111 - []
  2022-05-05 17:53:07 WARN  Employees:120 - Update failed due to error: Index 0 out of bounds for length 0
  2022-05-05 17:53:48 INFO  Employees:38 - Fill out every input!
  2022-05-05 17:53:48 INFO  Employees:111 - []
  2022-05-05 17:53:48 WARN  Employees:120 - Update failed due to error: Index 0 out of bounds for length 0
  2022-05-05 17:53:59 INFO  Employees:38 - Fill out every input!
  2022-05-05 17:54:00 INFO  Employees:111 - []
  2022-05-05 17:54:00 WARN  Employees:120 - Update failed due to error: Index 0 out of bounds for length 0
  2022-05-05 17:54:01 INFO  Employees:38 - Fill out every input!
  2022-05-05 17:54:04 INFO  Employees:38 - Fill out every input!
  2022-05-05 17:54:04 WARN  Employees:74 - Insert failed due to error: Index 0 out of bounds for length 0
  2022-05-05 17:54:04 INFO  DBConnect:52 - Select was successful.
  2022-05-05 17:55:44 INFO  Employees:38 - Fill out every input!
  2022-05-05 17:55:44 WARN  Employees:79 - Insert failed due to error: Index 0 out of bounds for length 0
  2022-05-05 17:57:42 INFO  Employees:38 - Fill out every input!
  2022-05-05 17:57:42 WARN  Employees:79 - Insert failed due to error: Index 0 out of bounds for length 0
  2022-05-05 17:57:59 INFO  Employees:116 - [test, 1885,15,11, test]
  2022-05-05 17:57:59 WARN  Employees:125 - Update failed due to error: Index 3 out of bounds for length 0
  2022-05-05 17:59:43 INFO  DBConnect:52 - Select was successful.
  2022-05-05 18:01:25 INFO  DBConnect:52 - Select was successful.
  2022-05-05 18:01:26 INFO  DBConnect:52 - Select was successful.
  2022-05-05 18:01:26 INFO  DBConnect:52 - Select was successful.
  2022-05-05 18:01:26 INFO  DBConnect:52 - Select was successful.
  2022-05-05 18:01:27 INFO  DBConnect:52 - Select was successful.
  2022-05-05 18:01:27 INFO  DBConnect:52 - Select was successful.
  2022-05-05 18:01:27 INFO  DBConnect:52 - Select was successful.
  2022-05-05 18:01:27 INFO  DBConnect:52 - Select was successful.
  2022-05-05 18:01:28 INFO  DBConnect:52 - Select was successful.
  2022-05-05 18:01:28 INFO  DBConnect:52 - Select was successful.
  2022-05-05 18:01:50 INFO  DBConnect:52 - Select was successful.
  2022-05-05 18:04:52 INFO  Employees:72 - INSERT INTO `factories`(`company_name`, `institution`, `address`) VALUES ('dfdfhfgh', STR_TO_DATE('dgf,fghfgh,fgh', '%Y,%m,%d'),'sddgfdfg');
  2022-05-05 18:04:52 WARN  DBConnect:106 - Insert was unsuccessful.
  2022-05-05 18:05:12 INFO  DBConnect:52 - Select was successful.
  2022-05-05 18:05:26 INFO  DBConnect:52 - Select was successful.
  2022-05-05 18:06:26 INFO  DBConnect:52 - Select was successful.
  2022-05-05 18:49:54 INFO  Employees:38 - Fill out every input!
  2022-05-05 18:49:54 WARN  Employees:75 - Insert failed due to error: Index 0 out of bounds for length 0
  2022-05-05 18:50:36 INFO  Employees:69 - INSERT INTO `factories`(`company_name`, `institution`, `address`) VALUES ('test', STR_TO_DATE(',', '%Y,%m,%d'),'addr');
  2022-05-05 18:50:36 WARN  DBConnect:106 - Insert was unsuccessful.
  2022-05-05 18:50:45 INFO  Employees:69 - INSERT INTO `factories`(`company_name`, `institution`, `address`) VALUES ('test', STR_TO_DATE('asdasd,asdasd,asd', '%Y,%m,%d'),'addr');
  2022-05-05 18:50:45 WARN  DBConnect:106 - Insert was unsuccessful.
  2022-05-05 18:50:59 INFO  Employees:69 - INSERT INTO `factories`(`company_name`, `institution`, `address`) VALUES ('test', STR_TO_DATE('1111,11,11', '%Y,%m,%d'),'addr');
  2022-05-05 18:51:00 INFO  DBConnect:100 - A record was inserted successfully.
  2022-05-05 18:51:15 INFO  DBConnect:52 - Select was successful.
  2022-05-05 18:55:26 INFO  Employees:42 - Name should be at least 5 characters long!
  2022-05-05 18:55:26 WARN  Employees:79 - Insert failed due to error: Index 0 out of bounds for length 0
  2022-05-05 18:55:31 INFO  Employees:73 - INSERT INTO `factories`(`company_name`, `institution`, `address`) VALUES ('testUU', STR_TO_DATE('1111,11,11', '%Y,%m,%d'),'addr');
  2022-05-05 18:55:32 INFO  DBConnect:100 - A record was inserted successfully.
  2022-05-05 18:55:42 INFO  DBConnect:52 - Select was successful.
  2022-05-05 18:55:55 INFO  DBConnect:78 - Record deleted successfully.
  2022-05-05 18:55:57 INFO  DBConnect:52 - Select was successful.
  